<!DOCTYPE suite SYSTEM "http://testng.org/testng-1.0.dtd" >

<suite name="Smoke" verbose="1" >
    <test name="GoogleCalculatorPageExists"   >
        <classes>
            <class name="by.epam.learn.automation.task0304.test.GoogleCalculatorComputeEngineTabExistsTest" />
        </classes>
    </test>
</suite>